TN:
SF:src/renderer/app.tsx
FN:10,(anonymous_9)
FN:17,(anonymous_10)
FN:20,(anonymous_11)
FN:24,(anonymous_12)
FN:28,(anonymous_13)
FN:29,(anonymous_14)
FN:32,(anonymous_15)
FN:33,(anonymous_16)
FN:36,(anonymous_17)
FN:37,(anonymous_18)
FN:42,(anonymous_19)
FN:53,(anonymous_20)
FN:57,(anonymous_21)
FN:64,(anonymous_22)
FN:65,(anonymous_23)
FN:68,(anonymous_24)
FN:69,(anonymous_25)
FN:99,(anonymous_26)
FN:99,(anonymous_27)
FN:108,(anonymous_28)
FN:108,(anonymous_29)
FN:117,(anonymous_30)
FN:117,(anonymous_31)
FNF:23
FNH:13
FNDA:20,(anonymous_9)
FNDA:10,(anonymous_10)
FNDA:0,(anonymous_11)
FNDA:0,(anonymous_12)
FNDA:0,(anonymous_13)
FNDA:0,(anonymous_14)
FNDA:0,(anonymous_15)
FNDA:0,(anonymous_16)
FNDA:0,(anonymous_17)
FNDA:0,(anonymous_18)
FNDA:10,(anonymous_19)
FNDA:5,(anonymous_20)
FNDA:4,(anonymous_21)
FNDA:0,(anonymous_22)
FNDA:0,(anonymous_23)
FNDA:3,(anonymous_24)
FNDA:3,(anonymous_25)
FNDA:1,(anonymous_26)
FNDA:1,(anonymous_27)
FNDA:1,(anonymous_28)
FNDA:1,(anonymous_29)
FNDA:1,(anonymous_30)
FNDA:1,(anonymous_31)
DA:1,1
DA:2,1
DA:10,1
DA:11,20
DA:17,20
DA:19,10
DA:20,10
DA:21,0
DA:24,10
DA:25,0
DA:28,10
DA:29,0
DA:32,10
DA:33,0
DA:36,10
DA:37,0
DA:42,10
DA:43,10
DA:44,10
DA:45,10
DA:46,10
DA:47,10
DA:48,10
DA:53,20
DA:54,5
DA:55,5
DA:56,4
DA:57,4
DA:60,1
DA:64,20
DA:65,0
DA:68,20
DA:69,3
DA:72,20
DA:99,1
DA:108,1
DA:117,1
DA:154,1
DA:277,1
DA:280,1
DA:281,1
DA:282,0
DA:283,0
LF:43
LH:35
BRDA:19,0,0,10
BRDA:43,1,0,10
BRDA:56,2,0,4
BRDA:82,3,0,2
BRDA:82,3,1,18
BRDA:89,4,0,8
BRDA:89,4,1,12
BRDA:97,5,0,6
BRDA:97,5,1,2
BRDA:106,6,0,1
BRDA:106,6,1,7
BRDA:115,7,0,1
BRDA:115,7,1,7
BRDA:128,8,0,1
BRDA:128,8,1,7
BRDA:281,9,0,0
BRF:16
BRH:15
end_of_record
TN:
SF:src/utils/formatters.ts
FN:8,formatCommitHash
FN:19,formatCommitDate
FN:42,formatRelativeTime
FN:83,formatCommitMessage
FN:100,formatFilePath
FN:122,formatBranchName
FN:144,formatFileSize
FNF:7
FNH:7
FNDA:8,formatCommitHash
FNDA:6,formatCommitDate
FNDA:16,formatRelativeTime
FNDA:10,formatCommitMessage
FNDA:8,formatFilePath
FNDA:11,formatBranchName
FNDA:15,formatFileSize
DA:8,1
DA:9,8
DA:10,4
DA:13,4
DA:19,1
DA:20,6
DA:21,6
DA:23,6
DA:24,2
DA:27,2
DA:35,2
DA:42,1
DA:43,16
DA:44,16
DA:46,16
DA:47,1
DA:50,14
DA:51,14
DA:52,14
DA:53,14
DA:54,14
DA:55,14
DA:56,14
DA:57,14
DA:58,14
DA:60,14
DA:61,1
DA:62,13
DA:63,4
DA:64,9
DA:65,4
DA:66,5
DA:67,2
DA:68,3
DA:69,1
DA:70,2
DA:71,1
DA:73,1
DA:76,1
DA:83,1
DA:84,10
DA:85,2
DA:88,8
DA:90,8
DA:91,5
DA:94,3
DA:100,1
DA:101,8
DA:102,3
DA:105,5
DA:107,5
DA:108,1
DA:111,4
DA:112,2
DA:116,2
DA:122,1
DA:123,11
DA:124,2
DA:128,9
DA:134,9
DA:135,2
DA:138,9
DA:144,1
DA:145,15
DA:146,4
DA:149,11
DA:150,11
DA:151,11
DA:153,11
DA:154,17
DA:155,17
DA:159,11
DA:163,11
LF:73
LH:73
BRDA:9,0,0,4
BRDA:9,1,0,8
BRDA:9,1,1,5
BRDA:21,2,0,3
BRDA:21,2,1,3
BRDA:23,3,0,2
BRDA:44,4,0,1
BRDA:44,4,1,15
BRDA:46,5,0,1
BRDA:60,6,0,1
BRDA:60,6,1,13
BRDA:62,7,0,4
BRDA:62,7,1,9
BRDA:63,8,0,2
BRDA:63,8,1,2
BRDA:64,9,0,4
BRDA:64,9,1,5
BRDA:65,10,0,2
BRDA:65,10,1,2
BRDA:66,11,0,2
BRDA:66,11,1,3
BRDA:67,12,0,1
BRDA:67,12,1,1
BRDA:68,13,0,1
BRDA:68,13,1,2
BRDA:69,14,0,0
BRDA:69,14,1,1
BRDA:70,15,0,1
BRDA:70,15,1,1
BRDA:71,16,0,1
BRDA:71,16,1,0
BRDA:73,17,0,1
BRDA:73,17,1,0
BRDA:83,18,0,7
BRDA:84,19,0,2
BRDA:90,20,0,5
BRDA:101,21,0,3
BRDA:101,22,0,8
BRDA:101,22,1,6
BRDA:107,23,0,1
BRDA:111,24,0,2
BRDA:123,25,0,2
BRDA:134,26,0,2
BRDA:134,27,0,9
BRDA:134,27,1,2
BRDA:145,28,0,4
BRDA:145,29,0,15
BRDA:145,29,1,12
BRDA:153,30,0,28
BRDA:153,30,1,17
BRDA:159,31,0,3
BRDA:159,31,1,8
BRF:52
BRH:49
end_of_record
TN:
SF:src/utils/validation.ts
FN:8,isValidCommitHash
FN:22,isValidEmail
FN:35,isValidCommitMessage
FN:48,isValidBranchName
FN:77,isValidTagName
FN:99,isValidRepositoryPath
FNF:6
FNH:6
FNDA:16,isValidCommitHash
FNDA:13,isValidEmail
FNDA:12,isValidCommitMessage
FNDA:21,isValidBranchName
FNDA:19,isValidTagName
FNDA:15,isValidRepositoryPath
DA:8,1
DA:9,16
DA:10,4
DA:14,12
DA:16,12
DA:22,1
DA:23,13
DA:24,3
DA:28,10
DA:29,10
DA:35,1
DA:36,12
DA:37,3
DA:41,9
DA:42,9
DA:48,1
DA:49,21
DA:50,3
DA:58,18
DA:59,18
DA:60,18
DA:61,18
DA:62,18
DA:64,18
DA:65,17
DA:66,16
DA:67,15
DA:68,14
DA:69,13
DA:71,5
DA:77,1
DA:78,19
DA:79,3
DA:84,16
DA:85,16
DA:86,16
DA:88,16
DA:89,15
DA:90,14
DA:91,13
DA:93,5
DA:99,1
DA:100,15
DA:101,3
DA:105,12
LF:45
LH:45
BRDA:9,0,0,4
BRDA:23,1,0,3
BRDA:36,2,0,3
BRDA:42,3,0,9
BRDA:42,3,1,6
BRDA:49,4,0,3
BRDA:64,5,0,1
BRDA:65,6,0,1
BRDA:66,7,0,1
BRDA:67,8,0,1
BRDA:68,9,0,1
BRDA:69,10,0,8
BRDA:78,11,0,3
BRDA:88,12,0,1
BRDA:89,13,0,1
BRDA:90,14,0,1
BRDA:91,15,0,8
BRDA:100,16,0,3
BRDA:105,17,0,12
BRDA:105,17,1,11
BRDA:105,17,2,7
BRF:21
BRH:21
end_of_record
